-------------------------------------------------------------------------------
Test set: com.finflow.modules.accounts.service.AccountServiceTest$CreateAccount
-------------------------------------------------------------------------------
Tests run: 1, Failures: 0, Errors: 1, Skipped: 0, Time elapsed: 0.039 s <<< FAILURE! -- in com.finflow.modules.accounts.service.AccountServiceTest$CreateAccount
com.finflow.modules.accounts.service.AccountServiceTest$CreateAccount.createAccount_success -- Time elapsed: 0.027 s <<< ERROR!
java.lang.NullPointerException: Cannot invoke "com.finflow.modules.accounts.domain.Account.getId()" because "account" is null
	at com.finflow.modules.accounts.service.AccountService.createAccount(AccountService.java:64)
	at com.finflow.modules.accounts.service.AccountServiceTest$CreateAccount.createAccount_success(AccountServiceTest.java:97)
	at java.base/java.lang.reflect.Method.invoke(Method.java:580)
	at java.base/java.util.ArrayList.forEach(ArrayList.java:1596)
	at java.base/java.util.ArrayList.forEach(ArrayList.java:1596)
	at java.base/java.util.ArrayList.forEach(ArrayList.java:1596)

