<?xml version="1.0" encoding="UTF-8"?>
<testsuite xmlns:xsi="http://www.w3.org/2001/XMLSchema-instance" xsi:noNamespaceSchemaLocation="https://maven.apache.org/surefire/maven-surefire-plugin/xsd/surefire-test-report.xsd" version="3.0.2" name="com.finflow.modules.auth.repository.AuthRepositoryIntegrationTest$UserRoleRepositoryTests" time="15.207" tests="2" errors="0" skipped="0" failures="0">
  <properties>
[...]
</properties>
  <testcase name="shouldSaveAndFindUserRole" classname="com.finflow.modules.auth.repository.AuthRepositoryIntegrationTest$UserRoleRepositoryTests" time="0.669">
    <system-out><![CDATA[13:19:22.617 [main] INFO org.springframework.test.context.support.AnnotationConfigContextLoaderUtils -- Could not detect default configuration classes for test class [com.finflow.modules.auth.repository.AuthRepositoryIntegrationTest]: AuthRepositoryIntegrationTest does not declare any static, non-private, non-final, nested classes annotated with @Configuration.
13:19:23.122 [main] INFO org.springframework.boot.test.context.SpringBootTestContextBootstrapper -- Found @SpringBootConfiguration com.finflow.FinFlowApplication for test class com.finflow.modules.auth.repository.AuthRepositoryIntegrationTest
13:19:23.210 [main] INFO org.springframework.test.context.support.AnnotationConfigContextLoaderUtils -- Could not detect default configuration classes for test class [com.finflow.modules.auth.repository.AuthRepositoryIntegrationTest$UserRoleRepositoryTests]: UserRoleRepositoryTests does not declare any static, non-private, non-final, nested classes annotated with @Configuration.
13:19:23.245 [main] INFO org.springframework.boot.test.context.SpringBootTestContextBootstrapper -- Found @SpringBootConfiguration com.finflow.FinFlowApplication for test class com.finflow.modules.auth.repository.AuthRepositoryIntegrationTest$UserRoleRepositoryTests

  .   ____          _            __ _ _
 /\\ / ___'_ __ _ _(_)_ __  __ _ \ \ \ \
( ( )\___ | '_ | '_| | '_ \/ _` | \ \ \ \
 \\/  ___)| |_)| | | | | || (_| |  ) ) ) )
  '  |____| .__|_| |_|_| |_\__, | / / / /
 =========|_|==============|___/=/_/_/_/

 :: Spring Boot ::                (v3.4.1)

2026-07-29 13:19:24.392 [main] INFO  [] c.f.m.a.r.AuthRepositoryIntegrationTest - Starting AuthRepositoryIntegrationTest using Java 21.0.11 with PID 988 (started by Lenovo in C:\Users\Lenovo\OneDrive\Desktop\FinFlow\backend)
2026-07-29 13:19:24.395 [main] DEBUG [] c.f.m.a.r.AuthRepositoryIntegrationTest - Running with Spring Boot v3.4.1, Spring v6.2.1
2026-07-29 13:19:24.396 [main] INFO  [] c.f.m.a.r.AuthRepositoryIntegrationTest - The following 1 profile is active: "test"
2026-07-29 13:19:25.573 [main] INFO  [] o.s.d.r.c.RepositoryConfigurationDelegate - Multiple Spring Data modules found, entering strict repository configuration mode
2026-07-29 13:19:25.579 [main] INFO  [] o.s.d.r.c.RepositoryConfigurationDelegate - Bootstrapping Spring Data JPA repositories in DEFAULT mode.
2026-07-29 13:19:26.031 [main] INFO  [] o.s.d.r.c.RepositoryConfigurationDelegate - Finished Spring Data repository scanning in 415 ms. Found 22 JPA repository interfaces.
2026-07-29 13:19:26.184 [main] INFO  [] o.s.b.t.a.j.TestDatabaseAutoConfiguration$EmbeddedDataSourceBeanFactoryPostProcessor - Replacing 'dataSource' DataSource bean with embedded version
2026-07-29 13:19:26.771 [main] INFO  [] o.s.j.d.e.EmbeddedDatabaseFactory - Starting embedded database: url='jdbc:h2:mem:0ef7f01b-38de-4b8a-bb9c-b800a90bb63f;DB_CLOSE_DELAY=-1;DB_CLOSE_ON_EXIT=false', username='sa'
2026-07-29 13:19:28.040 [main] INFO  [] o.h.jpa.internal.util.LogHelper - HHH000204: Processing PersistenceUnitInfo [name: default]
2026-07-29 13:19:28.279 [main] INFO  [] org.hibernate.Version - HHH000412: Hibernate ORM core version 6.6.4.Final
2026-07-29 13:19:28.395 [main] INFO  [] o.h.c.i.RegionFactoryInitiator - HHH000026: Second-level cache disabled
2026-07-29 13:19:28.823 [main] INFO  [] o.s.o.j.p.SpringPersistenceUnitInfo - No LoadTimeWeaver setup: ignoring JPA class transformer
2026-07-29 13:19:28.996 [main] WARN  [] org.hibernate.orm.deprecation - HHH90000025: H2Dialect does not need to be specified explicitly using 'hibernate.dialect' (remove the property setting and it will be selected by default)
2026-07-29 13:19:29.068 [main] INFO  [] o.hibernate.orm.connections.pooling - HHH10001005: Database info:
	Database JDBC URL [Connecting through datasource 'org.springframework.jdbc.datasource.embedded.EmbeddedDatabaseFactory$EmbeddedDataSourceProxy@e31b846']
	Database driver: undefined/unknown
	Database version: 2.3.232
	Autocommit mode: undefined/unknown
	Isolation level: undefined/unknown
	Minimum pool size: undefined/unknown
	Maximum pool size: undefined/unknown
2026-07-29 13:19:32.677 [main] INFO  [] o.h.e.t.j.p.i.JtaPlatformInitiator - HHH000489: No JTA platform available (set 'hibernate.transaction.jta.platform' to enable JTA platform integration)
2026-07-29 13:19:32.740 [main] DEBUG [] org.hibernate.SQL - 
    drop table if exists finflow_accounts.account_holders cascade 
Hibernate: 
    drop table if exists finflow_accounts.account_holders cascade 
2026-07-29 13:19:32.745 [main] DEBUG [] org.hibernate.SQL - 
    drop table if exists finflow_accounts.account_status_history cascade 
Hibernate: 
    drop table if exists finflow_accounts.account_status_history cascade 
2026-07-29 13:19:32.746 [main] DEBUG [] org.hibernate.SQL - 
    drop table if exists finflow_accounts.accounts cascade 
Hibernate: 
    drop table if exists finflow_accounts.accounts cascade 
2026-07-29 13:19:32.746 [main] DEBUG [] org.hibernate.SQL - 
    drop table if exists finflow_accounts.beneficiaries cascade 
Hibernate: 
    drop table if exists finflow_accounts.beneficiaries cascade 
2026-07-29 13:19:32.747 [main] DEBUG [] org.hibernate.SQL - 
    drop table if exists finflow_accounts.card_transactions cascade 
Hibernate: 
    drop table if exists finflow_accounts.card_transactions cascade 
2026-07-29 13:19:32.747 [main] DEBUG [] org.hibernate.SQL - 
    drop table if exists finflow_accounts.cards cascade 
Hibernate: 
    drop table if exists finflow_accounts.cards cascade 
2026-07-29 13:19:32.748 [main] DEBUG [] org.hibernate.SQL - 
    drop table if exists finflow_accounts.holds cascade 
Hibernate: 
    drop table if exists finflow_accounts.holds cascade 
2026-07-29 13:19:32.748 [main] DEBUG [] org.hibernate.SQL - 
    drop table if exists finflow_admin.admin_audit_log cascade 
Hibernate: 
    drop table if exists finflow_admin.admin_audit_log cascade 
2026-07-29 13:19:32.748 [main] DEBUG [] org.hibernate.SQL - 
    drop table if exists finflow_auth.login_history cascade 
Hibernate: 
    drop table if exists finflow_auth.login_history cascade 
2026-07-29 13:19:32.750 [main] DEBUG [] org.hibernate.SQL - 
    drop table if exists finflow_auth.refresh_tokens cascade 
Hibernate: 
    drop table if exists finflow_auth.refresh_tokens cascade 
2026-07-29 13:19:32.751 [main] DEBUG [] org.hibernate.SQL - 
    drop table if exists finflow_auth.roles cascade 
Hibernate: 
    drop table if exists finflow_auth.roles cascade 
2026-07-29 13:19:32.751 [main] DEBUG [] org.hibernate.SQL - 
    drop table if exists finflow_auth.user_credentials cascade 
Hibernate: 
    drop table if exists finflow_auth.user_credentials cascade 
2026-07-29 13:19:32.752 [main] DEBUG [] org.hibernate.SQL - 
    drop table if exists finflow_auth.user_roles cascade 
Hibernate: 
    drop table if exists finflow_auth.user_roles cascade 
2026-07-29 13:19:32.752 [main] DEBUG [] org.hibernate.SQL - 
    drop table if exists finflow_auth.users cascade 
Hibernate: 
    drop table if exists finflow_auth.users cascade 
2026-07-29 13:19:32.753 [main] DEBUG [] org.hibernate.SQL - 
    drop table if exists finflow_notifications.notifications cascade 
Hibernate: 
    drop table if exists finflow_notifications.notifications cascade 
2026-07-29 13:19:32.753 [main] DEBUG [] org.hibernate.SQL - 
    drop table if exists finflow_profiles.user_profiles cascade 
Hibernate: 
    drop table if exists finflow_profiles.user_profiles cascade 
2026-07-29 13:19:32.754 [main] DEBUG [] org.hibernate.SQL - 
    drop table if exists finflow_savings.savings_goals cascade 
Hibernate: 
    drop table if exists finflow_savings.savings_goals cascade 
2026-07-29 13:19:32.754 [main] DEBUG [] org.hibernate.SQL - 
    drop table if exists finflow_settings.user_settings cascade 
Hibernate: 
    drop table if exists finflow_settings.user_settings cascade 
2026-07-29 13:19:32.754 [main] DEBUG [] org.hibernate.SQL - 
    drop table if exists finflow_transactions.transaction_entries cascade 
Hibernate: 
    drop table if exists finflow_transactions.transaction_entries cascade 
2026-07-29 13:19:32.754 [main] DEBUG [] org.hibernate.SQL - 
    drop table if exists finflow_transactions.transactions cascade 
Hibernate: 
    drop table if exists finflow_transactions.transactions cascade 
2026-07-29 13:19:32.755 [main] DEBUG [] org.hibernate.SQL - 
    drop table if exists finflow_transfers.scheduled_transfers cascade 
Hibernate: 
    drop table if exists finflow_transfers.scheduled_transfers cascade 
2026-07-29 13:19:32.756 [main] DEBUG [] org.hibernate.SQL - 
    drop table if exists finflow_transfers.transfer_templates cascade 
Hibernate: 
    drop table if exists finflow_transfers.transfer_templates cascade 
2026-07-29 13:19:32.771 [main] DEBUG [] org.hibernate.SQL - 
    create table finflow_accounts.account_holders (
        created_at timestamp(6) not null,
        updated_at timestamp(6) not null,
        version bigint not null,
        account_id CHAR(36) not null,
        id CHAR(36) not null,
        user_id varchar(36) not null,
        ownership_type enum ('AUTHORIZED','JOINT','PRIMARY') not null,
        primary key (id),
        unique (account_id, user_id)
    )
Hibernate: 
    create table finflow_accounts.account_holders (
        created_at timestamp(6) not null,
        updated_at timestamp(6) not null,
        version bigint not null,
        account_id CHAR(36) not null,
        id CHAR(36) not null,
        user_id varchar(36) not null,
        ownership_type enum ('AUTHORIZED','JOINT','PRIMARY') not null,
        primary key (id),
        unique (account_id, user_id)
    )
2026-07-29 13:19:32.795 [main] DEBUG [] org.hibernate.SQL - 
    create table finflow_accounts.account_status_history (
        changed_at timestamp(6) not null,
        id bigint generated by default as identity,
        new_status varchar(25) not null,
        previous_status varchar(25),
        account_id CHAR(36) not null,
        changed_by varchar(36) not null,
        reason varchar(500),
        primary key (id)
    )
Hibernate: 
    create table finflow_accounts.account_status_history (
        changed_at timestamp(6) not null,
        id bigint generated by default as identity,
        new_status varchar(25) not null,
        previous_status varchar(25),
        account_id CHAR(36) not null,
        changed_by varchar(36) not null,
        reason varchar(500),
        primary key (id)
    )
2026-07-29 13:19:32.805 [main] DEBUG [] org.hibernate.SQL - 
    create table finflow_accounts.accounts (
        currency varchar(3) not null,
        is_deleted boolean not null,
        available_balance_cents bigint not null,
        created_at timestamp(6) not null,
        deleted_at timestamp(6),
        ledger_balance_cents bigint not null,
        updated_at timestamp(6) not null,
        version bigint not null,
        account_number varchar(20) not null unique,
        created_by varchar(36) not null,
        deleted_by varchar(36),
        id CHAR(36) not null,
        modified_by varchar(36) not null,
        owner_id varchar(36) not null,
        nickname varchar(100),
        account_status enum ('ACTIVE','CLOSED','PENDING','RESTRICTED','SUSPENDED') not null,
        account_type enum ('CHECKING','CREDIT','INVESTMENT','SAVINGS') not null,
        primary key (id)
    )
Hibernate: 
    create table finflow_accounts.accounts (
        currency varchar(3) not null,
        is_deleted boolean not null,
        available_balance_cents bigint not null,
        created_at timestamp(6) not null,
        deleted_at timestamp(6),
        ledger_balance_cents bigint not null,
        updated_at timestamp(6) not null,
        version bigint not null,
        account_number varchar(20) not null unique,
        created_by varchar(36) not null,
        deleted_by varchar(36),
        id CHAR(36) not null,
        modified_by varchar(36) not null,
        owner_id varchar(36) not null,
        nickname varchar(100),
        account_status enum ('ACTIVE','CLOSED','PENDING','RESTRICTED','SUSPENDED') not null,
        account_type enum ('CHECKING','CREDIT','INVESTMENT','SAVINGS') not null,
        primary key (id)
    )
2026-07-29 13:19:32.809 [main] DEBUG [] org.hibernate.SQL - 
    create table finflow_accounts.beneficiaries (
        currency varchar(3) not null,
        is_deleted boolean not null,
        created_at timestamp(6) not null,
        deleted_at timestamp(6),
        updated_at timestamp(6) not null,
        version bigint not null,
        routing_number varchar(20),
        swift_code varchar(20),
        created_by varchar(36) not null,
        deleted_by varchar(36),
        id CHAR(36) not null,
        modified_by varchar(36) not null,
        owner_id varchar(36) not null,
        account_number varchar(50) not null,
        iban varchar(50),
        nickname varchar(100),
        bank_name varchar(200),
        beneficiary_name varchar(200) not null,
        email varchar(254),
        beneficiary_status enum ('ACTIVE','BLOCKED','INACTIVE') not null,
        primary key (id),
        constraint uk_beneficiary_account unique (owner_id, account_number)
    )
Hibernate: 
    create table finflow_accounts.beneficiaries (
        currency varchar(3) not null,
        is_deleted boolean not null,
        created_at timestamp(6) not null,
        deleted_at timestamp(6),
        updated_at timestamp(6) not null,
        version bigint not null,
        routing_number varchar(20),
        swift_code varchar(20),
        created_by varchar(36) not null,
        deleted_by varchar(36),
        id CHAR(36) not null,
        modified_by varchar(36) not null,
        owner_id varchar(36) not null,
        account_number varchar(50) not null,
        iban varchar(50),
        nickname varchar(100),
        bank_name varchar(200),
        beneficiary_name varchar(200) not null,
        email varchar(254),
        beneficiary_status enum ('ACTIVE','BLOCKED','INACTIVE') not null,
        primary key (id),
        constraint uk_beneficiary_account unique (owner_id, account_number)
    )
2026-07-29 13:19:32.814 [main] DEBUG [] org.hibernate.SQL - 
    create table finflow_accounts.card_transactions (
        currency varchar(3) not null,
        amount_cents bigint not null,
        created_at timestamp(6) not null,
        updated_at timestamp(6) not null,
        version bigint not null,
        authorization_code varchar(20),
        card_id varchar(36) not null,
        id CHAR(36) not null,
        merchant_category varchar(50),
        merchant_name varchar(200),
        status enum ('AUTHORIZED','CAPTURED','DECLINED','REFUNDED','REVERSED','SETTLED') not null,
        transaction_type enum ('AUTHORIZATION','CAPTURE','CASHBACK','FEE','REFUND','REVERSAL','SETTLEMENT') not null,
        primary key (id)
    )
Hibernate: 
    create table finflow_accounts.card_transactions (
        currency varchar(3) not null,
        amount_cents bigint not null,
        created_at timestamp(6) not null,
        updated_at timestamp(6) not null,
        version bigint not null,
        authorization_code varchar(20),
        card_id varchar(36) not null,
        id CHAR(36) not null,
        merchant_category varchar(50),
        merchant_name varchar(200),
        status enum ('AUTHORIZED','CAPTURED','DECLINED','REFUNDED','REVERSED','SETTLED') not null,
        transaction_type enum ('AUTHORIZATION','CAPTURE','CASHBACK','FEE','REFUND','REVERSAL','SETTLEMENT') not null,
        primary key (id)
    )
2026-07-29 13:19:32.818 [main] DEBUG [] org.hibernate.SQL - 
    create table finflow_accounts.cards (
        card_last_four varchar(4) not null,
        currency varchar(3) not null,
        expiry_month integer not null,
        expiry_year integer not null,
        pin_set boolean not null,
        created_at timestamp(6) not null,
        credit_limit_cents bigint,
        daily_limit_cents bigint,
        monthly_limit_cents bigint,
        updated_at timestamp(6) not null,
        version bigint not null,
        account_id varchar(36) not null,
        id CHAR(36) not null,
        owner_id varchar(36) not null,
        cardholder_name varchar(200) not null,
        card_number_hash varchar(255) not null,
        card_status enum ('ACTIVE','BLOCKED','CANCELLED','EXPIRED','FROZEN','PENDING') not null,
        card_type enum ('CREDIT','DEBIT','PREPAID') not null,
        primary key (id)
    )
Hibernate: 
    create table finflow_accounts.cards (
        card_last_four varchar(4) not null,
        currency varchar(3) not null,
        expiry_month integer not null,
        expiry_year integer not null,
        pin_set boolean not null,
        created_at timestamp(6) not null,
        credit_limit_cents bigint,
        daily_limit_cents bigint,
        monthly_limit_cents bigint,
        updated_at timestamp(6) not null,
        version bigint not null,
        account_id varchar(36) not null,
        id CHAR(36) not null,
        owner_id varchar(36) not null,
        cardholder_name varchar(200) not null,
        card_number_hash varchar(255) not null,
        card_status enum ('ACTIVE','BLOCKED','CANCELLED','EXPIRED','FROZEN','PENDING') not null,
        card_type enum ('CREDIT','DEBIT','PREPAID') not null,
        primary key (id)
    )
2026-07-29 13:19:32.822 [main] DEBUG [] org.hibernate.SQL - 
    create table finflow_accounts.holds (
        amount_cents bigint not null,
        created_at timestamp(6) not null,
        expires_at timestamp(6),
        released_at timestamp(6),
        updated_at timestamp(6) not null,
        version bigint not null,
        account_id CHAR(36) not null,
        id CHAR(36) not null,
        released_by varchar(36),
        source_id varchar(36),
        source_type varchar(50),
        reason varchar(500) not null,
        hold_status enum ('ACTIVE','EXPIRED','RELEASED') not null,
        primary key (id)
    )
Hibernate: 
    create table finflow_accounts.holds (
        amount_cents bigint not null,
        created_at timestamp(6) not null,
        expires_at timestamp(6),
        released_at timestamp(6),
        updated_at timestamp(6) not null,
        version bigint not null,
        account_id CHAR(36) not null,
        id CHAR(36) not null,
        released_by varchar(36),
        source_id varchar(36),
        source_type varchar(50),
        reason varchar(500) not null,
        hold_status enum ('ACTIVE','EXPIRED','RELEASED') not null,
        primary key (id)
    )
2026-07-29 13:19:32.829 [main] DEBUG [] org.hibernate.SQL - 
    create table finflow_admin.admin_audit_log (
        created_at timestamp(6) not null,
        updated_at timestamp(6) not null,
        version bigint not null,
        admin_user_id varchar(36) not null,
        created_by varchar(36) not null,
        id CHAR(36) not null,
        modified_by varchar(36) not null,
        target_id varchar(36) not null,
        ip_address varchar(45),
        target_type varchar(50) not null,
        action varchar(100) not null,
        details TEXT,
        primary key (id)
    )
Hibernate: 
    create table finflow_admin.admin_audit_log (
        created_at timestamp(6) not null,
        updated_at timestamp(6) not null,
        version bigint not null,
        admin_user_id varchar(36) not null,
        created_by varchar(36) not null,
        id CHAR(36) not null,
        modified_by varchar(36) not null,
        target_id varchar(36) not null,
        ip_address varchar(45),
        target_type varchar(50) not null,
        action varchar(100) not null,
        details TEXT,
        primary key (id)
    )
2026-07-29 13:19:32.832 [main] DEBUG [] org.hibernate.SQL - 
    create table finflow_auth.login_history (
        success boolean not null,
        created_at timestamp(6) not null,
        id bigint generated by default as identity,
        user_id CHAR(36),
        ip_address varchar(45),
        identifier varchar(254) not null,
        user_agent varchar(500),
        failure_reason enum ('ACCOUNT_CLOSED','ACCOUNT_LOCKED','ACCOUNT_NOT_VERIFIED','ACCOUNT_SUSPENDED','INVALID_CREDENTIALS'),
        primary key (id)
    )
Hibernate: 
    create table finflow_auth.login_history (
        success boolean not null,
        created_at timestamp(6) not null,
        id bigint generated by default as identity,
        user_id CHAR(36),
        ip_address varchar(45),
        identifier varchar(254) not null,
        user_agent varchar(500),
        failure_reason enum ('ACCOUNT_CLOSED','ACCOUNT_LOCKED','ACCOUNT_NOT_VERIFIED','ACCOUNT_SUSPENDED','INVALID_CREDENTIALS'),
        primary key (id)
    )
2026-07-29 13:19:32.838 [main] DEBUG [] org.hibernate.SQL - 
    create table finflow_auth.refresh_tokens (
        is_revoked boolean not null,
        created_at timestamp(6) not null,
        expires_at timestamp(6) not null,
        last_used_at timestamp(6),
        revoked_at timestamp(6),
        updated_at timestamp(6) not null,
        version bigint not null,
        family_id varchar(36) not null,
        id CHAR(36) not null,
        session_id varchar(36) not null unique,
        user_id CHAR(36) not null,
        created_ip varchar(45),
        last_used_ip varchar(45),
        refresh_token_hash varchar(64) not null,
        created_user_agent varchar(500),
        primary key (id)
    )
Hibernate: 
    create table finflow_auth.refresh_tokens (
        is_revoked boolean not null,
        created_at timestamp(6) not null,
        expires_at timestamp(6) not null,
        last_used_at timestamp(6),
        revoked_at timestamp(6),
        updated_at timestamp(6) not null,
        version bigint not null,
        family_id varchar(36) not null,
        id CHAR(36) not null,
        session_id varchar(36) not null unique,
        user_id CHAR(36) not null,
        created_ip varchar(45),
        last_used_ip varchar(45),
        refresh_token_hash varchar(64) not null,
        created_user_agent varchar(500),
        primary key (id)
    )
2026-07-29 13:19:32.842 [main] DEBUG [] org.hibernate.SQL - 
    create table finflow_auth.roles (
        is_active boolean not null,
        is_system_role boolean not null,
        created_at timestamp(6) not null,
        updated_at timestamp(6) not null,
        version bigint not null,
        id CHAR(36) not null,
        name varchar(50) not null unique,
        description varchar(255),
        primary key (id)
    )
Hibernate: 
    create table finflow_auth.roles (
        is_active boolean not null,
        is_system_role boolean not null,
        created_at timestamp(6) not null,
        updated_at timestamp(6) not null,
        version bigint not null,
        id CHAR(36) not null,
        name varchar(50) not null unique,
        description varchar(255),
        primary key (id)
    )
2026-07-29 13:19:32.845 [main] DEBUG [] org.hibernate.SQL - 
    create table finflow_auth.user_credentials (
        is_active boolean not null,
        is_deleted boolean not null,
        created_at timestamp(6) not null,
        deleted_at timestamp(6),
        expires_at timestamp(6),
        last_used_at timestamp(6),
        updated_at timestamp(6) not null,
        version bigint not null,
        created_by varchar(36) not null,
        deleted_by varchar(36),
        id CHAR(36) not null,
        modified_by varchar(36) not null,
        user_id CHAR(36) not null,
        hashed_value varchar(255) not null,
        credential_type enum ('BIOMETRIC','PASSKEY','PASSWORD') not null,
        primary key (id)
    )
Hibernate: 
    create table finflow_auth.user_credentials (
        is_active boolean not null,
        is_deleted boolean not null,
        created_at timestamp(6) not null,
        deleted_at timestamp(6),
        expires_at timestamp(6),
        last_used_at timestamp(6),
        updated_at timestamp(6) not null,
        version bigint not null,
        created_by varchar(36) not null,
        deleted_by varchar(36),
        id CHAR(36) not null,
        modified_by varchar(36) not null,
        user_id CHAR(36) not null,
        hashed_value varchar(255) not null,
        credential_type enum ('BIOMETRIC','PASSKEY','PASSWORD') not null,
        primary key (id)
    )
2026-07-29 13:19:32.848 [main] DEBUG [] org.hibernate.SQL - 
    create table finflow_auth.user_roles (
        created_at timestamp(6) not null,
        granted_at timestamp(6) not null,
        updated_at timestamp(6) not null,
        version bigint not null,
        granted_by varchar(36) not null,
        id CHAR(36) not null,
        role_id CHAR(36) not null,
        user_id CHAR(36) not null,
        primary key (id),
        unique (user_id, role_id)
    )
Hibernate: 
    create table finflow_auth.user_roles (
        created_at timestamp(6) not null,
        granted_at timestamp(6) not null,
        updated_at timestamp(6) not null,
        version bigint not null,
        granted_by varchar(36) not null,
        id CHAR(36) not null,
        role_id CHAR(36) not null,
        user_id CHAR(36) not null,
        primary key (id),
        unique (user_id, role_id)
    )
2026-07-29 13:19:32.853 [main] DEBUG [] org.hibernate.SQL - 
    create table finflow_auth.users (
        email_verified boolean not null,
        failed_login_count integer not null,
        is_deleted boolean not null,
        phone_verified boolean not null,
        created_at timestamp(6) not null,
        deleted_at timestamp(6),
        last_login_at timestamp(6),
        locked_until timestamp(6),
        terms_accepted_at timestamp(6),
        updated_at timestamp(6) not null,
        version bigint not null,
        phone_number varchar(20),
        username varchar(30) not null,
        created_by varchar(36) not null,
        deleted_by varchar(36),
        id CHAR(36) not null,
        modified_by varchar(36) not null,
        email varchar(254) not null,
        status enum ('ACTIVE','CLOSED','PENDING_VERIFICATION','SUSPENDED') not null,
        primary key (id)
    )
Hibernate: 
    create table finflow_auth.users (
        email_verified boolean not null,
        failed_login_count integer not null,
        is_deleted boolean not null,
        phone_verified boolean not null,
        created_at timestamp(6) not null,
        deleted_at timestamp(6),
        last_login_at timestamp(6),
        locked_until timestamp(6),
        terms_accepted_at timestamp(6),
        updated_at timestamp(6) not null,
        version bigint not null,
        phone_number varchar(20),
        username varchar(30) not null,
        created_by varchar(36) not null,
        deleted_by varchar(36),
        id CHAR(36) not null,
        modified_by varchar(36) not null,
        email varchar(254) not null,
        status enum ('ACTIVE','CLOSED','PENDING_VERIFICATION','SUSPENDED') not null,
        primary key (id)
    )
2026-07-29 13:19:32.857 [main] DEBUG [] org.hibernate.SQL - 
    create table finflow_notifications.notifications (
        is_read boolean not null,
        created_at timestamp(6) not null,
        read_at timestamp(6),
        updated_at timestamp(6) not null,
        version bigint not null,
        created_by varchar(36) not null,
        id CHAR(36) not null,
        modified_by varchar(36) not null,
        owner_id varchar(36) not null,
        reference_id varchar(36),
        reference_type varchar(50),
        message TEXT not null,
        title varchar(255) not null,
        notification_type enum ('ACCOUNT','PROMOTION','SECURITY','SYSTEM','TRANSACTION') not null,
        primary key (id)
    )
Hibernate: 
    create table finflow_notifications.notifications (
        is_read boolean not null,
        created_at timestamp(6) not null,
        read_at timestamp(6),
        updated_at timestamp(6) not null,
        version bigint not null,
        created_by varchar(36) not null,
        id CHAR(36) not null,
        modified_by varchar(36) not null,
        owner_id varchar(36) not null,
        reference_id varchar(36),
        reference_type varchar(50),
        message TEXT not null,
        title varchar(255) not null,
        notification_type enum ('ACCOUNT','PROMOTION','SECURITY','SYSTEM','TRANSACTION') not null,
        primary key (id)
    )
2026-07-29 13:19:32.860 [main] DEBUG [] org.hibernate.SQL - 
    create table finflow_profiles.user_profiles (
        country varchar(2),
        date_of_birth date,
        created_at timestamp(6) not null,
        updated_at timestamp(6) not null,
        version bigint not null,
        postal_code varchar(20),
        created_by varchar(36) not null,
        id CHAR(36) not null,
        modified_by varchar(36) not null,
        user_id varchar(36) not null unique,
        city varchar(100),
        first_name varchar(100),
        last_name varchar(100),
        state varchar(100),
        avatar_url varchar(500),
        address_line1 varchar(255),
        address_line2 varchar(255),
        primary key (id)
    )
Hibernate: 
    create table finflow_profiles.user_profiles (
        country varchar(2),
        date_of_birth date,
        created_at timestamp(6) not null,
        updated_at timestamp(6) not null,
        version bigint not null,
        postal_code varchar(20),
        created_by varchar(36) not null,
        id CHAR(36) not null,
        modified_by varchar(36) not null,
        user_id varchar(36) not null unique,
        city varchar(100),
        first_name varchar(100),
        last_name varchar(100),
        state varchar(100),
        avatar_url varchar(500),
        address_line1 varchar(255),
        address_line2 varchar(255),
        primary key (id)
    )
2026-07-29 13:19:32.863 [main] DEBUG [] org.hibernate.SQL - 
    create table finflow_savings.savings_goals (
        currency varchar(3) not null,
        deadline date,
        created_at timestamp(6) not null,
        current_amount_cents bigint not null,
        target_amount_cents bigint not null,
        updated_at timestamp(6) not null,
        version bigint not null,
        account_id varchar(36) not null,
        id CHAR(36) not null,
        owner_id varchar(36) not null,
        goal_name varchar(100) not null,
        description varchar(255),
        goal_status enum ('ACTIVE','CANCELLED','COMPLETED','PAUSED') not null,
        primary key (id)
    )
Hibernate: 
    create table finflow_savings.savings_goals (
        currency varchar(3) not null,
        deadline date,
        created_at timestamp(6) not null,
        current_amount_cents bigint not null,
        target_amount_cents bigint not null,
        updated_at timestamp(6) not null,
        version bigint not null,
        account_id varchar(36) not null,
        id CHAR(36) not null,
        owner_id varchar(36) not null,
        goal_name varchar(100) not null,
        description varchar(255),
        goal_status enum ('ACTIVE','CANCELLED','COMPLETED','PAUSED') not null,
        primary key (id)
    )
2026-07-29 13:19:32.866 [main] DEBUG [] org.hibernate.SQL - 
    create table finflow_settings.user_settings (
        created_at timestamp(6) not null,
        updated_at timestamp(6) not null,
        version bigint not null,
        id CHAR(36) not null,
        user_id varchar(36) not null,
        setting_key varchar(100) not null,
        setting_value TEXT not null,
        primary key (id)
    )
Hibernate: 
    create table finflow_settings.user_settings (
        created_at timestamp(6) not null,
        updated_at timestamp(6) not null,
        version bigint not null,
        id CHAR(36) not null,
        user_id varchar(36) not null,
        setting_key varchar(100) not null,
        setting_value TEXT not null,
        primary key (id)
    )
2026-07-29 13:19:32.868 [main] DEBUG [] org.hibernate.SQL - 
    create table finflow_transactions.transaction_entries (
        currency varchar(3) not null,
        amount_cents bigint not null,
        balance_after_cents bigint not null,
        balance_before_cents bigint not null,
        created_at timestamp(6) not null,
        updated_at timestamp(6) not null,
        version bigint not null,
        account_id varchar(36) not null,
        id CHAR(36) not null,
        transaction_id CHAR(36) not null,
        description varchar(255),
        entry_type enum ('CREDIT','DEBIT') not null,
        primary key (id)
    )
Hibernate: 
    create table finflow_transactions.transaction_entries (
        currency varchar(3) not null,
        amount_cents bigint not null,
        balance_after_cents bigint not null,
        balance_before_cents bigint not null,
        created_at timestamp(6) not null,
        updated_at timestamp(6) not null,
        version bigint not null,
        account_id varchar(36) not null,
        id CHAR(36) not null,
        transaction_id CHAR(36) not null,
        description varchar(255),
        entry_type enum ('CREDIT','DEBIT') not null,
        primary key (id)
    )
2026-07-29 13:19:32.870 [main] DEBUG [] org.hibernate.SQL - 
    create table finflow_transactions.transactions (
        currency varchar(3) not null,
        amount_cents bigint not null,
        completed_at timestamp(6),
        created_at timestamp(6) not null,
        fee_amount_cents bigint not null,
        updated_at timestamp(6) not null,
        version bigint not null,
        id CHAR(36) not null,
        source_account_id varchar(36),
        target_account_id varchar(36),
        user_id varchar(36) not null,
        reference_number varchar(50) unique,
        idempotency_key varchar(100) unique,
        failed_reason varchar(500),
        description varchar(255),
        metadata_json TEXT,
        transaction_status enum ('CANCELLED','COMPLETED','FAILED','PENDING') not null,
        transaction_type enum ('DEPOSIT','FEE','REVERSAL','TRANSFER','WITHDRAWAL') not null,
        primary key (id)
    )
Hibernate: 
    create table finflow_transactions.transactions (
        currency varchar(3) not null,
        amount_cents bigint not null,
        completed_at timestamp(6),
        created_at timestamp(6) not null,
        fee_amount_cents bigint not null,
        updated_at timestamp(6) not null,
        version bigint not null,
        id CHAR(36) not null,
        source_account_id varchar(36),
        target_account_id varchar(36),
        user_id varchar(36) not null,
        reference_number varchar(50) unique,
        idempotency_key varchar(100) unique,
        failed_reason varchar(500),
        description varchar(255),
        metadata_json TEXT,
        transaction_status enum ('CANCELLED','COMPLETED','FAILED','PENDING') not null,
        transaction_type enum ('DEPOSIT','FEE','REVERSAL','TRANSFER','WITHDRAWAL') not null,
        primary key (id)
    )
2026-07-29 13:19:32.874 [main] DEBUG [] org.hibernate.SQL - 
    create table finflow_transfers.scheduled_transfers (
        currency varchar(3) not null,
        execution_count integer not null,
        max_executions integer,
        amount_cents bigint not null,
        created_at timestamp(6) not null,
        end_date timestamp(6),
        last_execution timestamp(6),
        next_execution timestamp(6) not null,
        updated_at timestamp(6) not null,
        version bigint not null,
        id CHAR(36) not null,
        owner_id varchar(36) not null,
        source_account_id varchar(36) not null,
        target_account_id varchar(36),
        target_beneficiary_id varchar(36),
        template_id varchar(36),
        description varchar(255),
        frequency enum ('BIWEEKLY','DAILY','MONTHLY','QUARTERLY','WEEKLY','YEARLY'),
        schedule_status enum ('ACTIVE','CANCELLED','COMPLETED','FAILED','PAUSED') not null,
        schedule_type enum ('ONE_TIME','RECURRING') not null,
        primary key (id)
    )
Hibernate: 
    create table finflow_transfers.scheduled_transfers (
        currency varchar(3) not null,
        execution_count integer not null,
        max_executions integer,
        amount_cents bigint not null,
        created_at timestamp(6) not null,
        end_date timestamp(6),
        last_execution timestamp(6),
        next_execution timestamp(6) not null,
        updated_at timestamp(6) not null,
        version bigint not null,
        id CHAR(36) not null,
        owner_id varchar(36) not null,
        source_account_id varchar(36) not null,
        target_account_id varchar(36),
        target_beneficiary_id varchar(36),
        template_id varchar(36),
        description varchar(255),
        frequency enum ('BIWEEKLY','DAILY','MONTHLY','QUARTERLY','WEEKLY','YEARLY'),
        schedule_status enum ('ACTIVE','CANCELLED','COMPLETED','FAILED','PAUSED') not null,
        schedule_type enum ('ONE_TIME','RECURRING') not null,
        primary key (id)
    )
2026-07-29 13:19:32.876 [main] DEBUG [] org.hibernate.SQL - 
    create table finflow_transfers.transfer_templates (
        currency varchar(3) not null,
        amount_cents bigint not null,
        created_at timestamp(6) not null,
        updated_at timestamp(6) not null,
        version bigint not null,
        id CHAR(36) not null,
        owner_id varchar(36) not null,
        source_account_id varchar(36) not null,
        target_account_id varchar(36),
        target_beneficiary_id varchar(36),
        template_name varchar(100) not null,
        description varchar(255),
        template_status enum ('ACTIVE','CANCELLED','COMPLETED','FAILED','PAUSED') not null,
        primary key (id)
    )
Hibernate: 
    create table finflow_transfers.transfer_templates (
        currency varchar(3) not null,
        amount_cents bigint not null,
        created_at timestamp(6) not null,
        updated_at timestamp(6) not null,
        version bigint not null,
        id CHAR(36) not null,
        owner_id varchar(36) not null,
        source_account_id varchar(36) not null,
        target_account_id varchar(36),
        target_beneficiary_id varchar(36),
        template_name varchar(100) not null,
        description varchar(255),
        template_status enum ('ACTIVE','CANCELLED','COMPLETED','FAILED','PAUSED') not null,
        primary key (id)
    )
2026-07-29 13:19:32.879 [main] DEBUG [] org.hibernate.SQL - 
    alter table if exists finflow_accounts.account_holders 
       add constraint fk_ah_account 
       foreign key (account_id) 
       references finflow_accounts.accounts
Hibernate: 
    alter table if exists finflow_accounts.account_holders 
       add constraint fk_ah_account 
       foreign key (account_id) 
       references finflow_accounts.accounts
2026-07-29 13:19:32.924 [main] DEBUG [] org.hibernate.SQL - 
    alter table if exists finflow_accounts.account_status_history 
       add constraint fk_ash_account 
       foreign key (account_id) 
       references finflow_accounts.accounts
Hibernate: 
    alter table if exists finflow_accounts.account_status_history 
       add constraint fk_ash_account 
       foreign key (account_id) 
       references finflow_accounts.accounts
2026-07-29 13:19:32.928 [main] DEBUG [] org.hibernate.SQL - 
    alter table if exists finflow_accounts.holds 
       add constraint fk_holds_account 
       foreign key (account_id) 
       references finflow_accounts.accounts
Hibernate: 
    alter table if exists finflow_accounts.holds 
       add constraint fk_holds_account 
       foreign key (account_id) 
       references finflow_accounts.accounts
2026-07-29 13:19:32.930 [main] DEBUG [] org.hibernate.SQL - 
    alter table if exists finflow_auth.login_history 
       add constraint fk_lh_user 
       foreign key (user_id) 
       references finflow_auth.users
Hibernate: 
    alter table if exists finflow_auth.login_history 
       add constraint fk_lh_user 
       foreign key (user_id) 
       references finflow_auth.users
2026-07-29 13:19:32.932 [main] DEBUG [] org.hibernate.SQL - 
    alter table if exists finflow_auth.refresh_tokens 
       add constraint fk_rt_user 
       foreign key (user_id) 
       references finflow_auth.users
Hibernate: 
    alter table if exists finflow_auth.refresh_tokens 
       add constraint fk_rt_user 
       foreign key (user_id) 
       references finflow_auth.users
2026-07-29 13:19:32.935 [main] DEBUG [] org.hibernate.SQL - 
    alter table if exists finflow_auth.user_credentials 
       add constraint fk_uc_user 
       foreign key (user_id) 
       references finflow_auth.users
Hibernate: 
    alter table if exists finflow_auth.user_credentials 
       add constraint fk_uc_user 
       foreign key (user_id) 
       references finflow_auth.users
2026-07-29 13:19:32.937 [main] DEBUG [] org.hibernate.SQL - 
    alter table if exists finflow_auth.user_roles 
       add constraint fk_ur_role 
       foreign key (role_id) 
       references finflow_auth.roles
Hibernate: 
    alter table if exists finflow_auth.user_roles 
       add constraint fk_ur_role 
       foreign key (role_id) 
       references finflow_auth.roles
2026-07-29 13:19:32.941 [main] DEBUG [] org.hibernate.SQL - 
    alter table if exists finflow_auth.user_roles 
       add constraint fk_ur_user 
       foreign key (user_id) 
       references finflow_auth.users
Hibernate: 
    alter table if exists finflow_auth.user_roles 
       add constraint fk_ur_user 
       foreign key (user_id) 
       references finflow_auth.users
2026-07-29 13:19:32.943 [main] DEBUG [] org.hibernate.SQL - 
    alter table if exists finflow_transactions.transaction_entries 
       add constraint fk_txn_entry_transaction 
       foreign key (transaction_id) 
       references finflow_transactions.transactions
Hibernate: 
    alter table if exists finflow_transactions.transaction_entries 
       add constraint fk_txn_entry_transaction 
       foreign key (transaction_id) 
       references finflow_transactions.transactions
2026-07-29 13:19:32.953 [main] INFO  [] o.s.o.j.LocalContainerEntityManagerFactoryBean - Initialized JPA EntityManagerFactory for persistence unit 'default'
2026-07-29 13:19:33.741 [main] INFO  [] o.s.d.j.r.query.QueryEnhancerFactory - Hibernate is in classpath; If applicable, HQL parser will be used.
2026-07-29 13:19:37.625 [main] INFO  [] c.f.m.a.r.AuthRepositoryIntegrationTest - Started AuthRepositoryIntegrationTest in 14.274 seconds (process running for 29.192)
2026-07-29 13:19:38.192 [main] DEBUG [] org.hibernate.SQL - 
    insert 
    into
        finflow_auth.roles
        (created_at, description, is_active, is_system_role, name, updated_at, version, id) 
    values
        (?, ?, ?, ?, ?, ?, ?, ?)
Hibernate: 
    insert 
    into
        finflow_auth.roles
        (created_at, description, is_active, is_system_role, name, updated_at, version, id) 
    values
        (?, ?, ?, ?, ?, ?, ?, ?)
2026-07-29 13:19:38.231 [main] DEBUG [] org.hibernate.SQL - 
    insert 
    into
        finflow_auth.users
        (created_at, created_by, deleted_at, deleted_by, email, email_verified, failed_login_count, is_deleted, last_login_at, locked_until, modified_by, phone_number, phone_verified, status, terms_accepted_at, updated_at, username, version, id) 
    values
        (?, ?, ?, ?, ?, ?, ?, ?, ?, ?, ?, ?, ?, ?, ?, ?, ?, ?, ?)
Hibernate: 
    insert 
    into
        finflow_auth.users
        (created_at, created_by, deleted_at, deleted_by, email, email_verified, failed_login_count, is_deleted, last_login_at, locked_until, modified_by, phone_number, phone_verified, status, terms_accepted_at, updated_at, username, version, id) 
    values
        (?, ?, ?, ?, ?, ?, ?, ?, ?, ?, ?, ?, ?, ?, ?, ?, ?, ?, ?)
2026-07-29 13:19:38.235 [main] DEBUG [] org.hibernate.SQL - 
    insert 
    into
        finflow_auth.user_roles
        (created_at, granted_at, granted_by, role_id, updated_at, user_id, version, id) 
    values
        (?, ?, ?, ?, ?, ?, ?, ?)
Hibernate: 
    insert 
    into
        finflow_auth.user_roles
        (created_at, granted_at, granted_by, role_id, updated_at, user_id, version, id) 
    values
        (?, ?, ?, ?, ?, ?, ?, ?)
2026-07-29 13:19:38.270 [main] DEBUG [] org.hibernate.SQL - 
    select
        ur1_0.id,
        ur1_0.created_at,
        ur1_0.granted_at,
        ur1_0.granted_by,
        ur1_0.role_id,
        r1_0.id,
        r1_0.created_at,
        r1_0.description,
        r1_0.is_active,
        r1_0.is_system_role,
        r1_0.name,
        r1_0.updated_at,
        r1_0.version,
        ur1_0.updated_at,
        ur1_0.user_id,
        ur1_0.version 
    from
        finflow_auth.user_roles ur1_0 
    join
        finflow_auth.roles r1_0 
            on r1_0.id=ur1_0.role_id 
    where
        ur1_0.user_id=? 
        and r1_0.is_active=true
Hibernate: 
    select
        ur1_0.id,
        ur1_0.created_at,
        ur1_0.granted_at,
        ur1_0.granted_by,
        ur1_0.role_id,
        r1_0.id,
        r1_0.created_at,
        r1_0.description,
        r1_0.is_active,
        r1_0.is_system_role,
        r1_0.name,
        r1_0.updated_at,
        r1_0.version,
        ur1_0.updated_at,
        ur1_0.user_id,
        ur1_0.version 
    from
        finflow_auth.user_roles ur1_0 
    join
        finflow_auth.roles r1_0 
            on r1_0.id=ur1_0.role_id 
    where
        ur1_0.user_id=? 
        and r1_0.is_active=true
]]></system-out>
  </testcase>
  <testcase name="shouldCheckUserRoleByName" classname="com.finflow.modules.auth.repository.AuthRepositoryIntegrationTest$UserRoleRepositoryTests" time="0.056">
    <system-out><![CDATA[2026-07-29 13:19:38.387 [main] DEBUG [] org.hibernate.SQL - 
    insert 
    into
        finflow_auth.roles
        (created_at, description, is_active, is_system_role, name, updated_at, version, id) 
    values
        (?, ?, ?, ?, ?, ?, ?, ?)
Hibernate: 
    insert 
    into
        finflow_auth.roles
        (created_at, description, is_active, is_system_role, name, updated_at, version, id) 
    values
        (?, ?, ?, ?, ?, ?, ?, ?)
2026-07-29 13:19:38.390 [main] DEBUG [] org.hibernate.SQL - 
    insert 
    into
        finflow_auth.users
        (created_at, created_by, deleted_at, deleted_by, email, email_verified, failed_login_count, is_deleted, last_login_at, locked_until, modified_by, phone_number, phone_verified, status, terms_accepted_at, updated_at, username, version, id) 
    values
        (?, ?, ?, ?, ?, ?, ?, ?, ?, ?, ?, ?, ?, ?, ?, ?, ?, ?, ?)
Hibernate: 
    insert 
    into
        finflow_auth.users
        (created_at, created_by, deleted_at, deleted_by, email, email_verified, failed_login_count, is_deleted, last_login_at, locked_until, modified_by, phone_number, phone_verified, status, terms_accepted_at, updated_at, username, version, id) 
    values
        (?, ?, ?, ?, ?, ?, ?, ?, ?, ?, ?, ?, ?, ?, ?, ?, ?, ?, ?)
2026-07-29 13:19:38.392 [main] DEBUG [] org.hibernate.SQL - 
    insert 
    into
        finflow_auth.user_roles
        (created_at, granted_at, granted_by, role_id, updated_at, user_id, version, id) 
    values
        (?, ?, ?, ?, ?, ?, ?, ?)
Hibernate: 
    insert 
    into
        finflow_auth.user_roles
        (created_at, granted_at, granted_by, role_id, updated_at, user_id, version, id) 
    values
        (?, ?, ?, ?, ?, ?, ?, ?)
2026-07-29 13:19:38.394 [main] DEBUG [] org.hibernate.SQL - 
    select
        ur1_0.id 
    from
        finflow_auth.user_roles ur1_0 
    join
        finflow_auth.roles r1_0 
            on r1_0.id=ur1_0.role_id 
    where
        ur1_0.user_id=? 
        and r1_0.name=? 
        and r1_0.is_active 
    fetch
        first ? rows only
Hibernate: 
    select
        ur1_0.id 
    from
        finflow_auth.user_roles ur1_0 
    join
        finflow_auth.roles r1_0 
            on r1_0.id=ur1_0.role_id 
    where
        ur1_0.user_id=? 
        and r1_0.name=? 
        and r1_0.is_active 
    fetch
        first ? rows only
2026-07-29 13:19:38.401 [main] DEBUG [] org.hibernate.SQL - 
    select
        ur1_0.id 
    from
        finflow_auth.user_roles ur1_0 
    join
        finflow_auth.roles r1_0 
            on r1_0.id=ur1_0.role_id 
    where
        ur1_0.user_id=? 
        and r1_0.name=? 
        and r1_0.is_active 
    fetch
        first ? rows only
Hibernate: 
    select
        ur1_0.id 
    from
        finflow_auth.user_roles ur1_0 
    join
        finflow_auth.roles r1_0 
            on r1_0.id=ur1_0.role_id 
    where
        ur1_0.user_id=? 
        and r1_0.name=? 
        and r1_0.is_active 
    fetch
        first ? rows only
]]></system-out>
  </testcase>
</testsuite>