<?xml version="1.0" encoding="UTF-8"?>
<testsuite xmlns:xsi="http://www.w3.org/2001/XMLSchema-instance" xsi:noNamespaceSchemaLocation="https://maven.apache.org/surefire/maven-surefire-plugin/xsd/surefire-test-report.xsd" version="3.0.2" name="com.finflow.modules.transfers.service.TransferServiceTest$ScheduledTransferDomain" time="0.337" tests="5" errors="0" skipped="0" failures="0">
  <properties>
[...]
</properties>
  <testcase name="markCompletedRecurring" classname="com.finflow.modules.transfers.service.TransferServiceTest$ScheduledTransferDomain" time="0.326"/>
  <testcase name="isDue" classname="com.finflow.modules.transfers.service.TransferServiceTest$ScheduledTransferDomain" time="0.002"/>
  <testcase name="isNotDueWhenPaused" classname="com.finflow.modules.transfers.service.TransferServiceTest$ScheduledTransferDomain" time="0.002"/>
  <testcase name="markCompletedOneTime" classname="com.finflow.modules.transfers.service.TransferServiceTest$ScheduledTransferDomain" time="0.002"/>
  <testcase name="markCompletedRecurringMaxReached" classname="com.finflow.modules.transfers.service.TransferServiceTest$ScheduledTransferDomain" time="0.001"/>
</testsuite>